c:\users\sergio\source\repos\myzim\bin-int\debug-x64\myzim\vc142.pdb
c:\users\sergio\source\repos\myzim\bin-int\debug-x64\myzim\vc142.idb
c:\users\sergio\source\repos\myzim\bin-int\debug-x64\myzim\glad.obj
c:\users\sergio\source\repos\myzim\bin-int\debug-x64\myzim\uamotion.obj
c:\users\sergio\source\repos\myzim\bin-int\debug-x64\myzim\world.obj
c:\users\sergio\source\repos\myzim\bin-int\debug-x64\myzim\terrain.obj
c:\users\sergio\source\repos\myzim\bin-int\debug-x64\myzim\main.obj
c:\users\sergio\source\repos\myzim\bin-int\debug-x64\myzim\chunk.obj
c:\users\sergio\source\repos\myzim\bin-int\debug-x64\myzim\window.obj
c:\users\sergio\source\repos\myzim\bin-int\debug-x64\myzim\gamescreen.obj
c:\users\sergio\source\repos\myzim\bin-int\debug-x64\myzim\gamewindow.obj
c:\users\sergio\source\repos\myzim\bin-int\debug-x64\myzim\camera.obj
c:\users\sergio\source\repos\myzim\bin-int\debug-x64\myzim\eventmanager.obj
c:\users\sergio\source\repos\myzim\bin\debug-x64\myzim\myzim.exe
c:\users\sergio\source\repos\myzim\bin\debug-x64\myzim\myzim.ilk
c:\users\sergio\source\repos\myzim\bin\debug-x64\myzim\myzim.pdb
c:\users\sergio\source\repos\myzim\bin-int\debug-x64\myzim\myzim.tlog\cl.command.1.tlog
c:\users\sergio\source\repos\myzim\bin-int\debug-x64\myzim\myzim.tlog\cl.read.1.tlog
c:\users\sergio\source\repos\myzim\bin-int\debug-x64\myzim\myzim.tlog\cl.write.1.tlog
c:\users\sergio\source\repos\myzim\bin-int\debug-x64\myzim\myzim.tlog\link.command.1.tlog
c:\users\sergio\source\repos\myzim\bin-int\debug-x64\myzim\myzim.tlog\link.read.1.tlog
c:\users\sergio\source\repos\myzim\bin-int\debug-x64\myzim\myzim.tlog\link.write.1.tlog
